<?xml version="1.0" encoding="UTF-8"?>
<!-- Generated by org.testng.reporters.JUnitReportReporter -->
<testsuite skipped="0" hostname="DESKTOP-CBTHPKT" name="test.Test2" tests="2" failures="0" timestamp="01 Sep 2018 10:00:45 GMT" time="30.199" errors="0">
  <testcase name="testFacebook" time="17.245" classname="test.Test2"/>
  <testcase name="testFacebook" time="12.954" classname="test.Test2"/>
</testsuite> <!-- test.Test2 -->
