<?xml version="1.0" encoding="UTF-8"?>
<!-- Generated by org.testng.reporters.JUnitReportReporter -->
<testsuite skipped="0" hostname="DESKTOP-CBTHPKT" name="test.Test1" tests="2" failures="0" timestamp="01 Sep 2018 10:00:45 GMT" time="54.530" errors="0">
  <testcase name="testGoogle" time="8.806" classname="test.Test1"/>
  <testcase name="testGoogle" time="45.724" classname="test.Test1"/>
</testsuite> <!-- test.Test1 -->
